<?xml version="1.0" encoding="UTF-8"?>
<!-- Generated by org.testng.reporters.JUnitReportReporter -->
<testsuite hostname="DESKTOP-281OCTQ" failures="0" tests="5" name="testcases.SingleProduct_MultipleQuantity" time="-1719053568.000" errors="1" timestamp="2024-06-22T16:23:24 IST" skipped="4">
  <testcase classname="testcases.SingleProduct_MultipleQuantity" name="setupBrowser" time="-1719053568.000">
    <error message="
Parameter &#039;browser&#039; is required by BeforeMethod on method setupBrowser but has not been marked @Optional or defined
in C:\Users\user\E-CommerceApplication_Framework\testng.xml" type="org.testng.TestNGException">
      <![CDATA[org.testng.TestNGException: 
Parameter 'browser' is required by BeforeMethod on method setupBrowser but has not been marked @Optional or defined
in C:\Users\user\E-CommerceApplication_Framework\testng.xml
at org.testng.internal.Parameters.createParams(Parameters.java:264)
at org.testng.internal.Parameters.createParametersForMethod(Parameters.java:352)
at org.testng.internal.Parameters.createParameters(Parameters.java:690)
at org.testng.internal.Parameters.createConfigurationParameters(Parameters.java:163)
at org.testng.internal.invokers.ConfigInvoker.invokeConfigurations(ConfigInvoker.java:313)
at org.testng.internal.invokers.TestInvoker.runConfigMethods(TestInvoker.java:833)
at org.testng.internal.invokers.TestInvoker.invokeMethod(TestInvoker.java:600)
at org.testng.internal.invokers.TestInvoker.invokeTestMethod(TestInvoker.java:230)
at org.testng.internal.invokers.MethodRunner.runInSequence(MethodRunner.java:63)
at org.testng.internal.invokers.TestInvoker$MethodInvocationAgent.invoke(TestInvoker.java:992)
at org.testng.internal.invokers.TestInvoker.invokeTestMethods(TestInvoker.java:203)
at org.testng.internal.invokers.TestMethodWorker.invokeTestMethods(TestMethodWorker.java:154)
at org.testng.internal.invokers.TestMethodWorker.run(TestMethodWorker.java:134)
at java.base/java.util.concurrent.Executors$RunnableAdapter.call(Executors.java:539)
at java.base/java.util.concurrent.FutureTask.run(FutureTask.java:264)
at org.testng.internal.thread.graph.TestNGFutureTask.run(TestNGFutureTask.java:22)
at java.base/java.util.concurrent.ThreadPoolExecutor.runWorker(ThreadPoolExecutor.java:1136)
at java.base/java.util.concurrent.ThreadPoolExecutor$Worker.run(ThreadPoolExecutor.java:635)
at java.base/java.lang.Thread.run(Thread.java:833)
]]>
    </error>
  </testcase> <!-- setupBrowser -->
  <testcase classname="testcases.SingleProduct_MultipleQuantity" name="searchFromGoogle" time="0.001">
    <skipped/>
  </testcase> <!-- searchFromGoogle -->
  <testcase classname="testcases.SingleProduct_MultipleQuantity" name="homePage" time="0.000">
    <skipped/>
  </testcase> <!-- homePage -->
  <testcase classname="testcases.SingleProduct_MultipleQuantity" name="checkoutPage" time="0.000">
    <skipped/>
  </testcase> <!-- checkoutPage -->
  <testcase classname="testcases.SingleProduct_MultipleQuantity" name="selectCountry" time="0.000">
    <skipped/>
  </testcase> <!-- selectCountry -->
</testsuite> <!-- testcases.SingleProduct_MultipleQuantity -->
